Vivado Simulator v2025.2
Copyright 1986-2022 Xilinx, Inc. All Rights Reserved.
Copyright 2022-2025 Advanced Micro Devices, Inc. All Rights Reserved.
Running: /home/israel/Xilinx/2025.2/Vivado/bin/unwrapped/lnx64.o/xelab -debug typical --relax tb_mac_top 
Multi-threading is on. Using 14 slave threads.
WARNING: [XSIM 43-3431] One or more environment variables have been detected which affect the operation of the C compiler. These are typically not set in standard installations and are not tested by AMD, however they may be appropriate for your system, so the flow will attempt to continue.  If errors occur, try running xelab with the "-mt off -v 1" switches to see more information from the C compiler. The following environment variables have been detected:
Starting static elaboration
Pass Through NonSizing Optimizer
Completed static elaboration
Starting simulation data flow analysis
WARNING: [XSIM 43-4099] "/home/israel/IsraelDD2026/rtl/lvl1_rtl.sv" Line 6. Module mac_top doesn't have a timescale but at least one module in design has a timescale.
WARNING: [XSIM 43-4099] "/home/israel/IsraelDD2026/rtl/lvl2_rtl.sv" Line 8. Module booth_multiplier doesn't have a timescale but at least one module in design has a timescale.
WARNING: [XSIM 43-4099] "/home/israel/IsraelDD2026/rtl/lvl3_rtl.sv" Line 7. Module booth_fsm doesn't have a timescale but at least one module in design has a timescale.
WARNING: [XSIM 43-4099] "/home/israel/IsraelDD2026/rtl/lvl3_rtl.sv" Line 46. Module booth_datapath doesn't have a timescale but at least one module in design has a timescale.
WARNING: [XSIM 43-4099] "/home/israel/IsraelDD2026/rtl/lvl2_rtl.sv" Line 46. Module accumulator_unit doesn't have a timescale but at least one module in design has a timescale.
WARNING: [XSIM 43-4099] "/home/israel/IsraelDD2026/rtl/lvl3_rtl.sv" Line 80. Module adder_40bit doesn't have a timescale but at least one module in design has a timescale.
Completed simulation data flow analysis
Time Resolution for simulation is 1ps
Compiling module work.booth_fsm
Compiling module work.booth_datapath
Compiling module work.booth_multiplier
Compiling module work.adder_40bit
Compiling module work.accumulator_unit
Compiling module work.mac_top
Compiling module work.tb_mac_top
Built simulation snapshot work.tb_mac_top
